<?xml version="1.0" encoding="UTF-8"?>
<!-- Generated by org.testng.reporters.JUnitReportReporter -->
<testsuite hostname="DESKTOP-DREBJVE" failures="0" tests="1" name="TestCase.LoginPageTest" time="7.988" errors="0" timestamp="2025-01-27T10:11:32 IST" skipped="0">
  <testcase classname="TestCase.LoginPageTest" name="config" time="7.988"/>
</testsuite> <!-- TestCase.LoginPageTest -->
