<?xml version="1.0" encoding="UTF-8"?>
<!-- Generated by org.testng.reporters.JUnitReportReporter -->
<testsuite hostname="DESKTOP-DREBJVE" failures="0" tests="1" name="TestCase.HomePageTest" time="44.424" errors="0" timestamp="2025-02-04T22:02:52 IST" skipped="0">
  <testcase classname="TestCase.HomePageTest" name="config" time="44.424"/>
</testsuite> <!-- TestCase.HomePageTest -->
