<?xml version="1.0" encoding="UTF-8"?>
<!-- Generated by org.testng.reporters.JUnitReportReporter -->
<testsuite hostname="DESKTOP-DREBJVE" failures="0" tests="1" name="org.facebook.LoginTest" time="1.735" errors="0" timestamp="2024-10-07T05:11:31 IST" skipped="0">
  <testcase classname="org.facebook.LoginTest" name="UserBoxtestcase" time="1.735"/>
</testsuite> <!-- org.facebook.LoginTest -->
