<?xml version="1.0" encoding="UTF-8"?>
<!-- Generated by org.testng.reporters.JUnitReportReporter -->
<testsuite hostname="DESKTOP-DREBJVE" failures="0" tests="1" name="demopage.LoginTest" time="6.815" errors="0" timestamp="2025-01-03T12:07:52 IST" skipped="0">
  <testcase classname="demopage.LoginTest" name="config" time="6.815"/>
</testsuite> <!-- demopage.LoginTest -->
